<?xml version="1.0" encoding="UTF-8"?>
<testsuite xmlns:xsi="http://www.w3.org/2001/XMLSchema-instance" xsi:noNamespaceSchemaLocation="https://maven.apache.org/surefire/maven-surefire-plugin/xsd/surefire-test-report-3.0.xsd" version="3.0" name="com.bymatech.calculateregulationdisarrangement.CalculateRegulationBiasApplicationTests" time="3.965" tests="1" errors="0" skipped="0" failures="0">
  <properties>
[...]
</properties>
  <testcase name="contextLoads" classname="com.bymatech.calculateregulationdisarrangement.CalculateRegulationBiasApplicationTests" time="0.343">
    <system-out><![CDATA[13:15:40.227 [main] INFO org.springframework.test.context.support.AnnotationConfigContextLoaderUtils -- Could not detect default configuration classes for test class [com.bymatech.calculateregulationdisarrangement.CalculateRegulationBiasApplicationTests]: CalculateRegulationBiasApplicationTests does not declare any static, non-private, non-final, nested classes annotated with @Configuration.
13:15:40.291 [main] INFO org.springframework.boot.test.context.SpringBootTestContextBootstrapper -- Found @SpringBootConfiguration com.bymatech.calculateregulationdisarrangement.CalculateRegulationDisarrangementApplication for test class com.bymatech.calculateregulationdisarrangement.CalculateRegulationBiasApplicationTests

  .   ____          _            __ _ _
 /\\ / ___'_ __ _ _(_)_ __  __ _ \ \ \ \
( ( )\___ | '_ | '_| | '_ \/ _` | \ \ \ \
 \\/  ___)| |_)| | | | | || (_| |  ) ) ) )
  '  |____| .__|_| |_|_| |_\__, | / / / /
 =========|_|==============|___/=/_/_/_/
 :: Spring Boot ::                (v3.1.4)

2023-10-25T13:15:40.718-03:00  INFO 34596 --- [           main] c.c.c.ConfigServicePropertySourceLocator : Fetching config from server at : http://localhost:8888
2023-10-25T13:15:40.781-03:00  INFO 34596 --- [           main] c.c.c.ConfigServicePropertySourceLocator : Exception on Url - http://localhost:8888:org.springframework.web.client.ResourceAccessException: I/O error on GET request for "http://localhost:8888/config-client/default": Connection refused. Will be trying the next url if available
2023-10-25T13:15:40.782-03:00  WARN 34596 --- [           main] c.c.c.ConfigServicePropertySourceLocator : Could not locate PropertySource: I/O error on GET request for "http://localhost:8888/config-client/default": Connection refused
2023-10-25T13:15:40.788-03:00  INFO 34596 --- [           main] .CalculateRegulationBiasApplicationTests : No active profile set, falling back to 1 default profile: "default"
2023-10-25T13:15:41.284-03:00  INFO 34596 --- [           main] .s.d.r.c.RepositoryConfigurationDelegate : Bootstrapping Spring Data JPA repositories in DEFAULT mode.
2023-10-25T13:15:41.314-03:00  INFO 34596 --- [           main] .s.d.r.c.RepositoryConfigurationDelegate : Finished Spring Data repository scanning in 26 ms. Found 4 JPA repository interfaces.
2023-10-25T13:15:41.397-03:00  INFO 34596 --- [           main] o.s.cloud.context.scope.GenericScope     : BeanFactory id=721aa9fa-1cab-3241-82ec-954534edd90f
2023-10-25T13:15:41.552-03:00  INFO 34596 --- [           main] o.hibernate.jpa.internal.util.LogHelper  : HHH000204: Processing PersistenceUnitInfo [name: default]
2023-10-25T13:15:41.583-03:00  INFO 34596 --- [           main] org.hibernate.Version                    : HHH000412: Hibernate ORM core version 6.2.9.Final
2023-10-25T13:15:41.584-03:00  INFO 34596 --- [           main] org.hibernate.cfg.Environment            : HHH000406: Using bytecode reflection optimizer
2023-10-25T13:15:41.637-03:00  INFO 34596 --- [           main] o.h.b.i.BytecodeProviderInitiator        : HHH000021: Bytecode provider name : bytebuddy
2023-10-25T13:15:41.684-03:00  INFO 34596 --- [           main] o.s.o.j.p.SpringPersistenceUnitInfo      : No LoadTimeWeaver setup: ignoring JPA class transformer
2023-10-25T13:15:41.691-03:00  INFO 34596 --- [           main] com.zaxxer.hikari.HikariDataSource       : HikariPool-1 - Starting...
2023-10-25T13:15:41.889-03:00  INFO 34596 --- [           main] com.zaxxer.hikari.pool.HikariPool        : HikariPool-1 - Added connection com.mysql.cj.jdbc.ConnectionImpl@701c482e
2023-10-25T13:15:41.890-03:00  INFO 34596 --- [           main] com.zaxxer.hikari.HikariDataSource       : HikariPool-1 - Start completed.
2023-10-25T13:15:42.066-03:00  INFO 34596 --- [           main] o.h.b.i.BytecodeProviderInitiator        : HHH000021: Bytecode provider name : bytebuddy
2023-10-25T13:15:42.265-03:00  INFO 34596 --- [           main] o.h.m.i.EntityInstantiatorPojoStandard   : HHH000182: No default (no-argument) constructor for class: com.bymatech.calculateregulationdisarrangement.domain.FCISpecieType (class must be instantiated by Interceptor)
2023-10-25T13:15:42.337-03:00  INFO 34596 --- [           main] o.h.m.i.EntityInstantiatorPojoStandard   : HHH000182: No default (no-argument) constructor for class: com.bymatech.calculateregulationdisarrangement.domain.FCISpecieTypeGroup (class must be instantiated by Interceptor)
2023-10-25T13:15:42.429-03:00  INFO 34596 --- [           main] o.h.e.t.j.p.i.JtaPlatformInitiator       : HHH000490: Using JtaPlatform implementation: [org.hibernate.engine.transaction.jta.platform.internal.NoJtaPlatform]
Hibernate: 
    alter table advices 
       drop 
       foreign key FKqjan6u45g0orrxvn2s9j4k32x
Hibernate: 
    alter table Biases 
       drop 
       foreign key FKewwt29gee2kils389bqs1gw1v
Hibernate: 
    alter table Biases 
       drop 
       foreign key FKfa8g2iiiwflkteh0t3spb4dv6
Hibernate: 
    alter table FCIComposition 
       drop 
       foreign key FKoyxmhaivxpotnw2tpjs2i0wim
Hibernate: 
    alter table FCIRegulation_composition 
       drop 
       foreign key FK8alwc0hb5d4rbsqnuqkm0pyeq
Hibernate: 
    alter table FCIRegulation_composition 
       drop 
       foreign key FK1a6ykdr36d1wcgciydsxiosr7
Hibernate: 
    alter table FCIRegulation_FCIPositionAdvices 
       drop 
       foreign key FKo4211mhdk7tla3g4cugc36832
Hibernate: 
    alter table FCIRegulation_FCIPositionAdvices 
       drop 
       foreign key FKh68wlvjh0i0ab6iyyhcrhsu1n
Hibernate: 
    alter table FCIRegulation_positions 
       drop 
       foreign key FKs80cg7d0x38jwhl7dnqqy7rqd
Hibernate: 
    alter table FCIRegulation_positions 
       drop 
       foreign key FKagrb02s93df1o43xnyclh555k
Hibernate: 
    alter table specie_type 
       drop 
       foreign key FK2rf5x20ndftxg0dq56wct9xa
Hibernate: 
    alter table specie_type 
       drop 
       foreign key FKjifbkmu7fuq45p275mm2w1lel
Hibernate: 
    alter table specie_type_by_group 
       drop 
       foreign key FK4u44g4u27t3plelg1ijb6qy7u
Hibernate: 
    alter table specie_type_by_group 
       drop 
       foreign key FKg29rsdp5b3ahrpd6pbvffgj2q
Hibernate: 
    drop table if exists advices
Hibernate: 
    drop table if exists advisor_criteria_parameter
Hibernate: 
    drop table if exists advisor_criteria_parameter_SEQ
Hibernate: 
    drop table if exists Biases
Hibernate: 
    drop table if exists Biases_SEQ
Hibernate: 
    drop table if exists FCIComposition
Hibernate: 
    drop table if exists FCIPosition
Hibernate: 
    drop table if exists FCIPosition_SEQ
Hibernate: 
    drop table if exists FCIRegulation
Hibernate: 
    drop table if exists FCIRegulation_composition
Hibernate: 
    drop table if exists FCIRegulation_FCIPositionAdvices
Hibernate: 
    drop table if exists FCIRegulation_positions
Hibernate: 
    drop table if exists FCIRegulation_SEQ
Hibernate: 
    drop table if exists Retrievals
Hibernate: 
    drop table if exists Retrievals_SEQ
Hibernate: 
    drop table if exists specie_type
Hibernate: 
    drop table if exists specie_type_by_group
Hibernate: 
    drop table if exists specie_type_group
Hibernate: 
    drop table if exists specie_type_group_SEQ
Hibernate: 
    create table advices (
        fci_regulation_id integer,
        registration_time datetime(6),
        id binary(16) not null,
        advice TEXT,
        owner varchar(255),
        primary key (id)
    ) engine=InnoDB
Hibernate: 
    create table advisor_criteria_parameter (
        id integer not null,
        description varchar(255),
        name varchar(255),
        parameter_definition varchar(255),
        primary key (id)
    ) engine=InnoDB
Hibernate: 
    create table advisor_criteria_parameter_SEQ (
        next_val bigint
    ) engine=InnoDB
Hibernate: 
    insert into advisor_criteria_parameter_SEQ values ( 1 )
Hibernate: 
    create table Biases (
        biasPercentage float(53),
        fciRegulation_id integer,
        id integer not null,
        retrieval_id integer,
        primary key (id)
    ) engine=InnoDB
Hibernate: 
    create table Biases_SEQ (
        next_val bigint
    ) engine=InnoDB
Hibernate: 
    insert into Biases_SEQ values ( 1 )
Hibernate: 
    create table FCIComposition (
        fciComposition integer not null,
        percentage float(53),
        primary key (fciComposition)
    ) engine=InnoDB
Hibernate: 
    create table FCIPosition (
        id integer not null,
        created_on datetime(6),
        jsonPosition varchar(4096),
        overview varchar(255),
        primary key (id)
    ) engine=InnoDB
Hibernate: 
    create table FCIPosition_SEQ (
        next_val bigint
    ) engine=InnoDB
Hibernate: 
    insert into FCIPosition_SEQ values ( 1 )
Hibernate: 
    create table FCIRegulation (
        fci_regulation_id integer not null,
        description varchar(255),
        name varchar(255),
        symbol varchar(255),
        primary key (fci_regulation_id)
    ) engine=InnoDB
Hibernate: 
    create table FCIRegulation_composition (
        FCIRegulation_fci_regulation_id integer not null,
        composition_fciComposition integer not null,
        primary key (FCIRegulation_fci_regulation_id, composition_fciComposition)
    ) engine=InnoDB
Hibernate: 
    create table FCIRegulation_FCIPositionAdvices (
        FCIRegulation_fci_regulation_id integer not null,
        FCIPositionAdvices_id binary(16) not null
    ) engine=InnoDB
Hibernate: 
    create table FCIRegulation_positions (
        FCIRegulation_fci_regulation_id integer not null,
        positions_id integer not null,
        primary key (FCIRegulation_fci_regulation_id, positions_id)
    ) engine=InnoDB
Hibernate: 
    create table FCIRegulation_SEQ (
        next_val bigint
    ) engine=InnoDB
Hibernate: 
    insert into FCIRegulation_SEQ values ( 1 )
Hibernate: 
    create table Retrievals (
        id integer not null,
        timestamp datetime(6),
        primary key (id)
    ) engine=InnoDB
Hibernate: 
    create table Retrievals_SEQ (
        next_val bigint
    ) engine=InnoDB
Hibernate: 
    insert into Retrievals_SEQ values ( 1 )
Hibernate: 
    create table specie_type (
        fciSpecieType integer not null,
        specieTypeGroup_id integer not null,
        description varchar(255),
        name varchar(255),
        primary key (fciSpecieType)
    ) engine=InnoDB
Hibernate: 
    create table specie_type_by_group (
        group_id integer not null,
        specie_type_id integer not null,
        primary key (group_id, specie_type_id)
    ) engine=InnoDB
Hibernate: 
    create table specie_type_group (
        id integer not null,
        description varchar(255),
        name varchar(255),
        url varchar(255),
        primary key (id)
    ) engine=InnoDB
Hibernate: 
    create table specie_type_group_SEQ (
        next_val bigint
    ) engine=InnoDB
Hibernate: 
    insert into specie_type_group_SEQ values ( 1 )
Hibernate: 
    alter table FCIRegulation_composition 
       add constraint UK_nn2an3pl6vgjp2cmv16lcu0na unique (composition_fciComposition)
Hibernate: 
    alter table FCIRegulation_FCIPositionAdvices 
       add constraint UK_av9nf25x8dmstjhvfj4m2yo9f unique (FCIPositionAdvices_id)
Hibernate: 
    alter table FCIRegulation_positions 
       add constraint UK_b45b3pv8yo0nhd5lkjplmwa6h unique (positions_id)
Hibernate: 
    alter table specie_type_by_group 
       add constraint UK_qkdsroce4dnwv3l3rkjgd08i1 unique (specie_type_id)
Hibernate: 
    alter table advices 
       add constraint FKqjan6u45g0orrxvn2s9j4k32x 
       foreign key (fci_regulation_id) 
       references FCIRegulation (fci_regulation_id)
Hibernate: 
    alter table Biases 
       add constraint FKewwt29gee2kils389bqs1gw1v 
       foreign key (fciRegulation_id) 
       references FCIRegulation (fci_regulation_id)
Hibernate: 
    alter table Biases 
       add constraint FKfa8g2iiiwflkteh0t3spb4dv6 
       foreign key (retrieval_id) 
       references Retrievals (id)
Hibernate: 
    alter table FCIComposition 
       add constraint FKoyxmhaivxpotnw2tpjs2i0wim 
       foreign key (fciComposition) 
       references specie_type (fciSpecieType)
Hibernate: 
    alter table FCIRegulation_composition 
       add constraint FK8alwc0hb5d4rbsqnuqkm0pyeq 
       foreign key (composition_fciComposition) 
       references FCIComposition (fciComposition)
Hibernate: 
    alter table FCIRegulation_composition 
       add constraint FK1a6ykdr36d1wcgciydsxiosr7 
       foreign key (FCIRegulation_fci_regulation_id) 
       references FCIRegulation (fci_regulation_id)
Hibernate: 
    alter table FCIRegulation_FCIPositionAdvices 
       add constraint FKo4211mhdk7tla3g4cugc36832 
       foreign key (FCIPositionAdvices_id) 
       references advices (id)
Hibernate: 
    alter table FCIRegulation_FCIPositionAdvices 
       add constraint FKh68wlvjh0i0ab6iyyhcrhsu1n 
       foreign key (FCIRegulation_fci_regulation_id) 
       references FCIRegulation (fci_regulation_id)
Hibernate: 
    alter table FCIRegulation_positions 
       add constraint FKs80cg7d0x38jwhl7dnqqy7rqd 
       foreign key (positions_id) 
       references FCIPosition (id)
Hibernate: 
    alter table FCIRegulation_positions 
       add constraint FKagrb02s93df1o43xnyclh555k 
       foreign key (FCIRegulation_fci_regulation_id) 
       references FCIRegulation (fci_regulation_id)
Hibernate: 
    alter table specie_type 
       add constraint FK2rf5x20ndftxg0dq56wct9xa 
       foreign key (specieTypeGroup_id) 
       references specie_type_group (id)
Hibernate: 
    alter table specie_type 
       add constraint FKjifbkmu7fuq45p275mm2w1lel 
       foreign key (fciSpecieType) 
       references FCIComposition (fciComposition)
Hibernate: 
    alter table specie_type_by_group 
       add constraint FK4u44g4u27t3plelg1ijb6qy7u 
       foreign key (specie_type_id) 
       references specie_type (fciSpecieType)
Hibernate: 
    alter table specie_type_by_group 
       add constraint FKg29rsdp5b3ahrpd6pbvffgj2q 
       foreign key (group_id) 
       references specie_type_group (id)
2023-10-25T13:15:42.771-03:00  INFO 34596 --- [           main] j.LocalContainerEntityManagerFactoryBean : Initialized JPA EntityManagerFactory for persistence unit 'default'
2023-10-25T13:15:42.973-03:00  INFO 34596 --- [           main] o.s.d.j.r.query.QueryEnhancerFactory     : Hibernate is in classpath; If applicable, HQL parser will be used.
2023-10-25T13:15:43.316-03:00  WARN 34596 --- [           main] JpaBaseConfiguration$JpaWebConfiguration : spring.jpa.open-in-view is enabled by default. Therefore, database queries may be performed during view rendering. Explicitly configure spring.jpa.open-in-view to disable this warning
2023-10-25T13:15:43.655-03:00  INFO 34596 --- [           main] o.s.b.a.e.web.EndpointLinksResolver      : Exposing 8 endpoint(s) beneath base path '/actuator'
2023-10-25T13:15:43.702-03:00  INFO 34596 --- [           main] .CalculateRegulationBiasApplicationTests : Started CalculateRegulationBiasApplicationTests in 3.338 seconds (process running for 3.862)
]]></system-out>
  </testcase>
</testsuite>