<?xml version="1.0" encoding="UTF-8"?>
<testsuite xmlns:xsi="http://www.w3.org/2001/XMLSchema-instance" xsi:noNamespaceSchemaLocation="https://maven.apache.org/surefire/maven-surefire-plugin/xsd/surefire-test-report-3.0.xsd" version="3.0" name="com.bymatech.calculateregulationdisarrangement.CalculateRegulationDisarrangementApplicationTests" time="2.301" tests="1" errors="0" skipped="0" failures="0">
  <properties>
[...]
</properties>
  <testcase name="contextLoads" classname="com.bymatech.calculateregulationdisarrangement.CalculateRegulationDisarrangementApplicationTests" time="0.336">
    <system-out><![CDATA[18:10:30.027 [main] INFO org.springframework.test.context.support.AnnotationConfigContextLoaderUtils -- Could not detect default configuration classes for test class [com.bymatech.calculateregulationdisarrangement.CalculateRegulationDisarrangementApplicationTests]: CalculateRegulationDisarrangementApplicationTests does not declare any static, non-private, non-final, nested classes annotated with @Configuration.
18:10:30.074 [main] INFO org.springframework.boot.test.context.SpringBootTestContextBootstrapper -- Found @SpringBootConfiguration com.bymatech.calculateregulationdisarrangement.CalculateRegulationDisarrangementApplication for test class com.bymatech.calculateregulationdisarrangement.CalculateRegulationDisarrangementApplicationTests

  .   ____          _            __ _ _
 /\\ / ___'_ __ _ _(_)_ __  __ _ \ \ \ \
( ( )\___ | '_ | '_| | '_ \/ _` | \ \ \ \
 \\/  ___)| |_)| | | | | || (_| |  ) ) ) )
  '  |____| .__|_| |_|_| |_\__, | / / / /
 =========|_|==============|___/=/_/_/_/
 :: Spring Boot ::                (v3.1.3)

2023-09-22T18:10:30.263-03:00  INFO 84428 --- [           main] RegulationDisarrangementApplicationTests : Starting CalculateRegulationDisarrangementApplicationTests using Java 20.0.1 with PID 84428 (started by damianblanc in /Users/damianblanc/workspace/byma/calculate-regulation-disarrangement-no-security)
2023-09-22T18:10:30.264-03:00  INFO 84428 --- [           main] RegulationDisarrangementApplicationTests : No active profile set, falling back to 1 default profile: "default"
2023-09-22T18:10:30.536-03:00  INFO 84428 --- [           main] .s.d.r.c.RepositoryConfigurationDelegate : Bootstrapping Spring Data JPA repositories in DEFAULT mode.
2023-09-22T18:10:30.563-03:00  INFO 84428 --- [           main] .s.d.r.c.RepositoryConfigurationDelegate : Finished Spring Data repository scanning in 24 ms. Found 1 JPA repository interfaces.
2023-09-22T18:10:30.748-03:00  INFO 84428 --- [           main] com.zaxxer.hikari.HikariDataSource       : HikariPool-1 - Starting...
2023-09-22T18:10:30.846-03:00  INFO 84428 --- [           main] com.zaxxer.hikari.pool.HikariPool        : HikariPool-1 - Added connection conn0: url=jdbc:h2:mem:disarrangementdb user=SA
2023-09-22T18:10:30.847-03:00  INFO 84428 --- [           main] com.zaxxer.hikari.HikariDataSource       : HikariPool-1 - Start completed.
2023-09-22T18:10:30.872-03:00  INFO 84428 --- [           main] o.hibernate.jpa.internal.util.LogHelper  : HHH000204: Processing PersistenceUnitInfo [name: default]
2023-09-22T18:10:30.892-03:00  INFO 84428 --- [           main] org.hibernate.Version                    : HHH000412: Hibernate ORM core version 6.2.7.Final
2023-09-22T18:10:30.893-03:00  INFO 84428 --- [           main] org.hibernate.cfg.Environment            : HHH000406: Using bytecode reflection optimizer
2023-09-22T18:10:30.961-03:00  INFO 84428 --- [           main] o.h.b.i.BytecodeProviderInitiator        : HHH000021: Bytecode provider name : bytebuddy
2023-09-22T18:10:31.018-03:00  INFO 84428 --- [           main] o.s.o.j.p.SpringPersistenceUnitInfo      : No LoadTimeWeaver setup: ignoring JPA class transformer
2023-09-22T18:10:31.146-03:00  INFO 84428 --- [           main] o.h.b.i.BytecodeProviderInitiator        : HHH000021: Bytecode provider name : bytebuddy
2023-09-22T18:10:31.489-03:00  INFO 84428 --- [           main] o.h.e.t.j.p.i.JtaPlatformInitiator       : HHH000490: Using JtaPlatform implementation: [org.hibernate.engine.transaction.jta.platform.internal.NoJtaPlatform]
2023-09-22T18:10:31.510-03:00  INFO 84428 --- [           main] j.LocalContainerEntityManagerFactoryBean : Initialized JPA EntityManagerFactory for persistence unit 'default'
2023-09-22T18:10:31.715-03:00  WARN 84428 --- [           main] JpaBaseConfiguration$JpaWebConfiguration : spring.jpa.open-in-view is enabled by default. Therefore, database queries may be performed during view rendering. Explicitly configure spring.jpa.open-in-view to disable this warning
2023-09-22T18:10:31.895-03:00  INFO 84428 --- [           main] RegulationDisarrangementApplicationTests : Started CalculateRegulationDisarrangementApplicationTests in 1.757 seconds (process running for 2.217)
]]></system-out>
  </testcase>
</testsuite>