<?xml version="1.0" encoding="UTF-8"?>
<testsuite xmlns:xsi="http://www.w3.org/2001/XMLSchema-instance" xsi:noNamespaceSchemaLocation="https://maven.apache.org/surefire/maven-surefire-plugin/xsd/surefire-test-report-3.0.xsd" version="3.0" name="com.bymatech.calculateregulationdisarrangement.CalculateRegulationDisarrangementApplicationTests" time="2.782" tests="1" errors="0" skipped="0" failures="0">
  <properties>
[...]
</properties>
  <testcase name="contextLoads" classname="com.bymatech.calculateregulationdisarrangement.CalculateRegulationDisarrangementApplicationTests" time="0.331">
    <system-out><![CDATA[14:44:02.742 [main] INFO org.springframework.test.context.support.AnnotationConfigContextLoaderUtils -- Could not detect default configuration classes for test class [com.bymatech.calculateregulationdisarrangement.CalculateRegulationDisarrangementApplicationTests]: CalculateRegulationDisarrangementApplicationTests does not declare any static, non-private, non-final, nested classes annotated with @Configuration.
14:44:02.793 [main] INFO org.springframework.boot.test.context.SpringBootTestContextBootstrapper -- Found @SpringBootConfiguration com.bymatech.calculateregulationdisarrangement.CalculateRegulationDisarrangementApplication for test class com.bymatech.calculateregulationdisarrangement.CalculateRegulationDisarrangementApplicationTests

  .   ____          _            __ _ _
 /\\ / ___'_ __ _ _(_)_ __  __ _ \ \ \ \
( ( )\___ | '_ | '_| | '_ \/ _` | \ \ \ \
 \\/  ___)| |_)| | | | | || (_| |  ) ) ) )
  '  |____| .__|_| |_|_| |_\__, | / / / /
 =========|_|==============|___/=/_/_/_/
 :: Spring Boot ::                (v3.1.3)

2023-09-21T14:44:02.980-03:00  INFO 34598 --- [           main] RegulationDisarrangementApplicationTests : Starting CalculateRegulationDisarrangementApplicationTests using Java 20.0.1 with PID 34598 (started by damianblanc in /Users/damianblanc/workspace/byma/calculate-regulation-disarrangement)
2023-09-21T14:44:02.981-03:00  INFO 34598 --- [           main] RegulationDisarrangementApplicationTests : No active profile set, falling back to 1 default profile: "default"
2023-09-21T14:44:03.376-03:00  INFO 34598 --- [           main] .s.d.r.c.RepositoryConfigurationDelegate : Bootstrapping Spring Data JPA repositories in DEFAULT mode.
2023-09-21T14:44:03.410-03:00  INFO 34598 --- [           main] .s.d.r.c.RepositoryConfigurationDelegate : Finished Spring Data repository scanning in 30 ms. Found 2 JPA repository interfaces.
2023-09-21T14:44:03.649-03:00  INFO 34598 --- [           main] com.zaxxer.hikari.HikariDataSource       : HikariPool-1 - Starting...
2023-09-21T14:44:03.749-03:00  INFO 34598 --- [           main] com.zaxxer.hikari.pool.HikariPool        : HikariPool-1 - Added connection conn0: url=jdbc:h2:mem:f82574ab-5895-4649-89a5-c3ac313adb34 user=SA
2023-09-21T14:44:03.753-03:00  INFO 34598 --- [           main] com.zaxxer.hikari.HikariDataSource       : HikariPool-1 - Start completed.
2023-09-21T14:44:03.776-03:00  INFO 34598 --- [           main] o.hibernate.jpa.internal.util.LogHelper  : HHH000204: Processing PersistenceUnitInfo [name: default]
2023-09-21T14:44:03.795-03:00  INFO 34598 --- [           main] org.hibernate.Version                    : HHH000412: Hibernate ORM core version 6.2.7.Final
2023-09-21T14:44:03.796-03:00  INFO 34598 --- [           main] org.hibernate.cfg.Environment            : HHH000406: Using bytecode reflection optimizer
2023-09-21T14:44:03.845-03:00  INFO 34598 --- [           main] o.h.b.i.BytecodeProviderInitiator        : HHH000021: Bytecode provider name : bytebuddy
2023-09-21T14:44:03.896-03:00  INFO 34598 --- [           main] o.s.o.j.p.SpringPersistenceUnitInfo      : No LoadTimeWeaver setup: ignoring JPA class transformer
2023-09-21T14:44:04.023-03:00  INFO 34598 --- [           main] o.h.b.i.BytecodeProviderInitiator        : HHH000021: Bytecode provider name : bytebuddy
2023-09-21T14:44:04.323-03:00  INFO 34598 --- [           main] o.h.e.t.j.p.i.JtaPlatformInitiator       : HHH000490: Using JtaPlatform implementation: [org.hibernate.engine.transaction.jta.platform.internal.NoJtaPlatform]
2023-09-21T14:44:04.343-03:00  INFO 34598 --- [           main] j.LocalContainerEntityManagerFactoryBean : Initialized JPA EntityManagerFactory for persistence unit 'default'
2023-09-21T14:44:04.503-03:00  WARN 34598 --- [           main] .s.s.UserDetailsServiceAutoConfiguration : 

Using generated security password: 5d3bf4ca-96fd-49f2-9be6-ec23060b426e

This generated password is for development use only. Your security configuration must be updated before running your application in production.

2023-09-21T14:44:04.524-03:00  INFO 34598 --- [           main] o.s.d.j.r.query.QueryEnhancerFactory     : Hibernate is in classpath; If applicable, HQL parser will be used.
2023-09-21T14:44:04.805-03:00  WARN 34598 --- [           main] JpaBaseConfiguration$JpaWebConfiguration : spring.jpa.open-in-view is enabled by default. Therefore, database queries may be performed during view rendering. Explicitly configure spring.jpa.open-in-view to disable this warning
2023-09-21T14:44:05.063-03:00  INFO 34598 --- [           main] o.s.s.web.DefaultSecurityFilterChain     : Will secure any request with [org.springframework.security.web.session.DisableEncodeUrlFilter@42675041, org.springframework.security.web.context.request.async.WebAsyncManagerIntegrationFilter@81cba04, org.springframework.security.web.context.SecurityContextHolderFilter@d05d8c3, org.springframework.security.web.header.HeaderWriterFilter@574ffd63, org.springframework.security.web.csrf.CsrfFilter@2e67df05, org.springframework.security.web.authentication.logout.LogoutFilter@7c4a44bb, org.springframework.security.web.authentication.UsernamePasswordAuthenticationFilter@2bfe9344, org.springframework.security.web.authentication.ui.DefaultLoginPageGeneratingFilter@192800d, org.springframework.security.web.authentication.ui.DefaultLogoutPageGeneratingFilter@15c46930, org.springframework.security.web.authentication.www.BasicAuthenticationFilter@36af93ca, org.springframework.security.web.savedrequest.RequestCacheAwareFilter@4481f9bd, org.springframework.security.web.servletapi.SecurityContextHolderAwareRequestFilter@14426256, org.springframework.security.web.authentication.AnonymousAuthenticationFilter@2c635953, org.springframework.security.web.access.ExceptionTranslationFilter@67dc7d0, org.springframework.security.web.access.intercept.AuthorizationFilter@321d39cc]
2023-09-21T14:44:05.083-03:00  INFO 34598 --- [           main] RegulationDisarrangementApplicationTests : Started CalculateRegulationDisarrangementApplicationTests in 2.226 seconds (process running for 2.702)
]]></system-out>
  </testcase>
</testsuite>