<?xml version="1.0" encoding="UTF-8"?>
<testsuite xmlns:xsi="http://www.w3.org/2001/XMLSchema-instance" xsi:noNamespaceSchemaLocation="https://maven.apache.org/surefire/maven-surefire-plugin/xsd/surefire-test-report-3.0.xsd" version="3.0" name="com.bymatech.calculateregulationdisarrangement.CalculateFCIRegulationBiasApplicationTests" time="4.339" tests="1" errors="0" skipped="0" failures="0">
  <properties>
[...]
</properties>
  <testcase name="contextLoads" classname="com.bymatech.calculateregulationdisarrangement.CalculateFCIRegulationBiasApplicationTests" time="0.339">
    <system-out><![CDATA[09:54:42.260 [main] INFO org.springframework.test.context.support.AnnotationConfigContextLoaderUtils -- Could not detect default configuration classes for test class [com.bymatech.calculateregulationdisarrangement.CalculateFCIRegulationBiasApplicationTests]: CalculateFCIRegulationBiasApplicationTests does not declare any static, non-private, non-final, nested classes annotated with @Configuration.
09:54:42.323 [main] INFO org.springframework.boot.test.context.SpringBootTestContextBootstrapper -- Found @SpringBootConfiguration com.bymatech.calculateregulationdisarrangement.CalculateRegulationDisarrangementApplication for test class com.bymatech.calculateregulationdisarrangement.CalculateFCIRegulationBiasApplicationTests
09:54:42.396 [main] INFO org.springframework.boot.devtools.restart.RestartApplicationListener -- Restart disabled due to context in which it is running
2024-06-13T09:54:42.853-03:00  INFO 1397 --- [           main] c.c.c.ConfigServicePropertySourceLocator : Fetching config from server at : http://localhost:8888
2024-06-13T09:54:42.917-03:00  INFO 1397 --- [           main] c.c.c.ConfigServicePropertySourceLocator : Exception on Url - http://localhost:8888:org.springframework.web.client.ResourceAccessException: I/O error on GET request for "http://localhost:8888/application/default": Connection refused. Will be trying the next url if available
2024-06-13T09:54:42.917-03:00  WARN 1397 --- [           main] c.c.c.ConfigServicePropertySourceLocator : Could not locate PropertySource: I/O error on GET request for "http://localhost:8888/application/default": Connection refused
2024-06-13T09:54:42.923-03:00  INFO 1397 --- [           main] lculateFCIRegulationBiasApplicationTests : No active profile set, falling back to 1 default profile: "default"
2024-06-13T09:54:43.424-03:00  INFO 1397 --- [           main] .s.d.r.c.RepositoryConfigurationDelegate : Bootstrapping Spring Data JPA repositories in DEFAULT mode.
2024-06-13T09:54:43.474-03:00  INFO 1397 --- [           main] .s.d.r.c.RepositoryConfigurationDelegate : Finished Spring Data repository scanning in 45 ms. Found 12 JPA repository interfaces.
2024-06-13T09:54:43.600-03:00  INFO 1397 --- [           main] o.s.cloud.context.scope.GenericScope     : BeanFactory id=e4017e97-b201-383c-8bf9-958df43ce8e4
2024-06-13T09:54:43.730-03:00  INFO 1397 --- [           main] com.zaxxer.hikari.HikariDataSource       : HikariPool-1 - Starting...
2024-06-13T09:54:43.847-03:00  INFO 1397 --- [           main] com.zaxxer.hikari.pool.HikariPool        : HikariPool-1 - Added connection com.mysql.cj.jdbc.ConnectionImpl@48632f69
2024-06-13T09:54:43.848-03:00  INFO 1397 --- [           main] com.zaxxer.hikari.HikariDataSource       : HikariPool-1 - Start completed.
2024-06-13T09:54:43.897-03:00  INFO 1397 --- [           main] o.hibernate.jpa.internal.util.LogHelper  : HHH000204: Processing PersistenceUnitInfo [name: default]
2024-06-13T09:54:43.926-03:00  INFO 1397 --- [           main] org.hibernate.Version                    : HHH000412: Hibernate ORM core version 6.2.13.Final
2024-06-13T09:54:43.928-03:00  INFO 1397 --- [           main] org.hibernate.cfg.Environment            : HHH000406: Using bytecode reflection optimizer
2024-06-13T09:54:44.060-03:00  INFO 1397 --- [           main] o.s.o.j.p.SpringPersistenceUnitInfo      : No LoadTimeWeaver setup: ignoring JPA class transformer
2024-06-13T09:54:44.097-03:00  WARN 1397 --- [           main] org.hibernate.orm.deprecation            : HHH90000025: MySQLDialect does not need to be specified explicitly using 'hibernate.dialect' (remove the property setting and it will be selected by default)
2024-06-13T09:54:44.611-03:00  INFO 1397 --- [           main] o.h.e.t.j.p.i.JtaPlatformInitiator       : HHH000489: No JTA platform available (set 'hibernate.transaction.jta.platform' to enable JTA platform integration)
Hibernate: alter table biases drop foreign key FKamje4ayr9svmw0r8qs6xrt7iy
Hibernate: alter table fci_specie_type_by_group drop foreign key FKkxk4m9y9waj6nl9mr616idgtw
Hibernate: alter table fci_specie_type_by_group drop foreign key FKaucp289iih7l6q3ygbymnrxvw
Hibernate: alter table fcicomposition drop foreign key FKgalklxhyovwtxcej9gy6g761v
Hibernate: alter table fciposition drop foreign key FKoikd0mgn0s2yuhe0xoi9ssic1
Hibernate: alter table fcispecie_to_specie_type drop foreign key FKsusymrv0k4ouf93xueq0sikyy
Hibernate: alter table fcispecie_to_specie_type_position drop foreign key FK5nsvl5rwh82xtescytchns8mm
Hibernate: drop table if exists advices
Hibernate: drop table if exists advices_seq
Hibernate: drop table if exists advisor_criteria_parameter
Hibernate: drop table if exists advisor_criteria_parameter_seq
Hibernate: drop table if exists biases
Hibernate: drop table if exists biases_seq
Hibernate: drop table if exists fci_specie_type_by_group
Hibernate: drop table if exists fcicomposition
Hibernate: drop table if exists fcicomposition_seq
Hibernate: drop table if exists fciconfiguration
Hibernate: drop table if exists fciconfiguration_seq
Hibernate: drop table if exists fciposition
Hibernate: drop table if exists fciposition_seq
Hibernate: drop table if exists fciregulation
Hibernate: drop table if exists fciregulation_seq
Hibernate: drop table if exists fcispecie_to_specie_type_position_seq
Hibernate: drop table if exists fcispecie_to_specie_type_seq
Hibernate: drop table if exists fcispecie_type_group_seq
Hibernate: drop table if exists fcispecie_type_seq
Hibernate: drop table if exists fcispecie_to_specie_type
Hibernate: drop table if exists fcispecie_to_specie_type_position
Hibernate: drop table if exists fcispecie_type
Hibernate: drop table if exists fcispecie_type_group
Hibernate: drop table if exists report_types_seq
Hibernate: drop table if exists reports
Hibernate: drop table if exists reports_seq
Hibernate: drop table if exists report_types
Hibernate: drop table if exists retrievals
Hibernate: drop table if exists retrievals_seq
Hibernate: drop table if exists statistic
Hibernate: drop table if exists statistic_seq
Hibernate: drop table if exists user
Hibernate: drop table if exists user_seq
Hibernate: create table advices (id integer not null, created_on datetime(6), registration_time datetime(6), advice TEXT, owner varchar(255), primary key (id)) engine=InnoDB
Hibernate: create table advices_seq (next_val bigint) engine=InnoDB
Hibernate: insert into advices_seq values ( 1 )
Hibernate: create table advisor_criteria_parameter (id integer not null, description varchar(255), name varchar(255), parameter_definition varchar(255), primary key (id)) engine=InnoDB
Hibernate: create table advisor_criteria_parameter_seq (next_val bigint) engine=InnoDB
Hibernate: insert into advisor_criteria_parameter_seq values ( 1 )
Hibernate: create table biases (bias_percentage float(53), id integer not null, retrieval_id integer, primary key (id)) engine=InnoDB
Hibernate: create table biases_seq (next_val bigint) engine=InnoDB
Hibernate: insert into biases_seq values ( 1 )
Hibernate: create table fci_specie_type_by_group (fci_specie_type_group_id integer not null, fci_specie_type_id integer not null) engine=InnoDB
Hibernate: create table fcicomposition (fci_composition_id integer not null, fci_specie_type_id integer, percentage float(53), regulation_id integer, primary key (fci_composition_id)) engine=InnoDB
Hibernate: create table fcicomposition_seq (next_val bigint) engine=InnoDB
Hibernate: insert into fcicomposition_seq values ( 1 )
Hibernate: create table fciconfiguration (id integer not null, fci_key varchar(255), value varchar(255), primary key (id)) engine=InnoDB
Hibernate: create table fciconfiguration_seq (next_val bigint) engine=InnoDB
Hibernate: insert into fciconfiguration_seq values ( 1 )
Hibernate: create table fciposition (id integer not null, regulation_id integer, created_on datetime(6), overview varchar(8192), market_position text, original_position text, primary key (id)) engine=InnoDB
Hibernate: create table fciposition_seq (next_val bigint) engine=InnoDB
Hibernate: insert into fciposition_seq values ( 1 )
Hibernate: create table fciregulation (fci_regulation_id integer not null, created_on datetime(6), description varchar(255), name varchar(255), symbol varchar(255), primary key (fci_regulation_id)) engine=InnoDB
Hibernate: create table fciregulation_seq (next_val bigint) engine=InnoDB
Hibernate: insert into fciregulation_seq values ( 1 )
Hibernate: create table fcispecie_to_specie_type_position_seq (next_val bigint) engine=InnoDB
Hibernate: insert into fcispecie_to_specie_type_position_seq values ( 1 )
Hibernate: create table fcispecie_to_specie_type_seq (next_val bigint) engine=InnoDB
Hibernate: insert into fcispecie_to_specie_type_seq values ( 1 )
Hibernate: create table fcispecie_type_group_seq (next_val bigint) engine=InnoDB
Hibernate: insert into fcispecie_type_group_seq values ( 1 )
Hibernate: create table fcispecie_type_seq (next_val bigint) engine=InnoDB
Hibernate: insert into fcispecie_type_seq values ( 1 )
Hibernate: create table fcispecie_to_specie_type (fci_specie_type_id integer, id integer not null, specie_symbol varchar(255), primary key (id)) engine=InnoDB
Hibernate: create table fcispecie_to_specie_type_position (fci_position_id integer, id integer not null, specie_to_specie_type_position_id integer, position_created_on datetime(6), primary key (id)) engine=InnoDB
Hibernate: create table fcispecie_type (fci_specie_type_id integer not null, specie_quantity integer, updatable bit, description varchar(255), name varchar(255), primary key (fci_specie_type_id)) engine=InnoDB
Hibernate: create table fcispecie_type_group (fci_specie_type_group_id integer not null, lot integer, updatable bit, description varchar(255), name varchar(255), primary key (fci_specie_type_group_id)) engine=InnoDB
Hibernate: create table report_types_seq (next_val bigint) engine=InnoDB
Hibernate: insert into report_types_seq values ( 1 )
Hibernate: create table reports (id integer not null, created_on datetime(6), primary key (id)) engine=InnoDB
Hibernate: create table reports_seq (next_val bigint) engine=InnoDB
Hibernate: insert into reports_seq values ( 1 )
Hibernate: create table report_types (id integer not null, description varchar(255), link varchar(255), name varchar(255), primary key (id)) engine=InnoDB
Hibernate: create table retrievals (id integer not null, timestamp datetime(6), primary key (id)) engine=InnoDB
Hibernate: create table retrievals_seq (next_val bigint) engine=InnoDB
Hibernate: insert into retrievals_seq values ( 1 )
Hibernate: create table statistic (advice_quantity integer, id integer not null, report_quantity integer, primary key (id)) engine=InnoDB
Hibernate: create table statistic_seq (next_val bigint) engine=InnoDB
Hibernate: insert into statistic_seq values ( 1 )
Hibernate: create table user (enable bit not null, id integer not null, about varchar(500), email varchar(255), password varchar(255), role varchar(255), username varchar(255), primary key (id)) engine=InnoDB
Hibernate: create table user_seq (next_val bigint) engine=InnoDB
Hibernate: insert into user_seq values ( 1 )
Hibernate: alter table fci_specie_type_by_group add constraint UK_2yvduh4u3yc8kdrtfukahhjyj unique (fci_specie_type_id)
Hibernate: alter table user add constraint UK_ob8kqyqqgmefl0aco34akdtpe unique (email)
Hibernate: alter table biases add constraint FKamje4ayr9svmw0r8qs6xrt7iy foreign key (retrieval_id) references retrievals (id)
Hibernate: alter table fci_specie_type_by_group add constraint FKkxk4m9y9waj6nl9mr616idgtw foreign key (fci_specie_type_id) references fcispecie_type (fci_specie_type_id)
Hibernate: alter table fci_specie_type_by_group add constraint FKaucp289iih7l6q3ygbymnrxvw foreign key (fci_specie_type_group_id) references fcispecie_type_group (fci_specie_type_group_id)
Hibernate: alter table fcicomposition add constraint FKgalklxhyovwtxcej9gy6g761v foreign key (regulation_id) references fciregulation (fci_regulation_id)
Hibernate: alter table fciposition add constraint FKoikd0mgn0s2yuhe0xoi9ssic1 foreign key (regulation_id) references fciregulation (fci_regulation_id)
Hibernate: alter table fcispecie_to_specie_type add constraint FKsusymrv0k4ouf93xueq0sikyy foreign key (fci_specie_type_id) references fcispecie_type (fci_specie_type_id)
Hibernate: alter table fcispecie_to_specie_type_position add constraint FK5nsvl5rwh82xtescytchns8mm foreign key (specie_to_specie_type_position_id) references fcispecie_to_specie_type (id)
2024-06-13T09:54:45.016-03:00  INFO 1397 --- [           main] j.LocalContainerEntityManagerFactoryBean : Initialized JPA EntityManagerFactory for persistence unit 'default'
2024-06-13T09:54:45.219-03:00  INFO 1397 --- [           main] o.s.d.j.r.query.QueryEnhancerFactory     : Hibernate is in classpath; If applicable, HQL parser will be used.
2024-06-13T09:54:45.726-03:00  WARN 1397 --- [           main] JpaBaseConfiguration$JpaWebConfiguration : spring.jpa.open-in-view is enabled by default. Therefore, database queries may be performed during view rendering. Explicitly configure spring.jpa.open-in-view to disable this warning
2024-06-13T09:54:46.066-03:00  INFO 1397 --- [           main] o.s.b.a.e.web.EndpointLinksResolver      : Exposing 8 endpoint(s) beneath base path '/actuator'
2024-06-13T09:54:46.110-03:00  INFO 1397 --- [           main] lculateFCIRegulationBiasApplicationTests : Started CalculateFCIRegulationBiasApplicationTests in 3.721 seconds (process running for 4.213)
]]></system-out>
    <system-err><![CDATA[WARNING: A Java agent has been loaded dynamically (/Users/damianblanc/.m2/repository/net/bytebuddy/byte-buddy-agent/1.14.9/byte-buddy-agent-1.14.9.jar)
WARNING: If a serviceability tool is in use, please run with -XX:+EnableDynamicAgentLoading to hide this warning
WARNING: If a serviceability tool is not in use, please run with -Djdk.instrument.traceUsage for more information
WARNING: Dynamic loading of agents will be disallowed by default in a future release
]]></system-err>
  </testcase>
</testsuite>